<?xml version="1.0" encoding="UTF-8"?>
<!-- Generated by org.testng.reporters.JUnitReportReporter -->
<testsuite hostname="USBLRKOKALPANA1" failures="0" tests="1" name="com.example.NavigationTest" time="0.012" errors="0" timestamp="04 Jun 2022 14:25:07 GMT" skipped="0">
  <testcase classname="com.example.NavigationTest" name="f" time="0.012"/>
</testsuite> <!-- com.example.NavigationTest -->
